warning: `if` is a branching construct; all branching is banned
  --> $DIR/branching.rs:9:5
   |
LL | /     if x > 0 {
LL | |         1
LL | |     } else {
LL | |         2
LL | |     }
   | |_____^
   |
   = help: this analyzer bans all control flow — remove the branch (there is no escape hatch)
   = note: `#[warn(engine_no_branching)]` on by default

warning: `if` is a branching construct; all branching is banned
  --> $DIR/branching.rs:17:5
   |
LL | /     if let Some(v) = o {
LL | |         v
LL | |     } else {
LL | |         0
LL | |     }
   | |_____^
   |
   = help: this analyzer bans all control flow — remove the branch (there is no escape hatch)

warning: `match` is a branching construct; all branching is banned
  --> $DIR/branching.rs:25:5
   |
LL | /     match x {
LL | |         0 => 10,
LL | |         _ => 20,
LL | |     }
   | |_____^
   |
   = help: this analyzer bans all control flow — remove the branch (there is no escape hatch)

warning: `while` is a branching construct; all branching is banned
  --> $DIR/branching.rs:33:5
   |
LL | /     while i < 3 {
LL | |         i += 1;
LL | |     }
   | |_____^
   |
   = help: this analyzer bans all control flow — remove the branch (there is no escape hatch)

warning: `while` is a branching construct; all branching is banned
  --> $DIR/branching.rs:39:5
   |
LL |     while let Some(_x) = v.pop() {}
   |     ^^^^^^^^^^^^^^^^^^^^^^^^^^^^^^^
   |
   = help: this analyzer bans all control flow — remove the branch (there is no escape hatch)

warning: `for` is a branching construct; all branching is banned
  --> $DIR/branching.rs:43:5
   |
LL |     for _i in 0..3 {}
   |     ^^^^^^^^^^^^^^^^^
   |
   = help: this analyzer bans all control flow — remove the branch (there is no escape hatch)

warning: `loop` is a branching construct; all branching is banned
  --> $DIR/branching.rs:47:5
   |
LL | /     loop {
LL | |         break;
LL | |     }
   | |_____^
   |
   = help: this analyzer bans all control flow — remove the branch (there is no escape hatch)

warning: the `&&` operator is a lazy boolean branch; all branching is banned
  --> $DIR/branching.rs:53:5
   |
LL |     a && b
   |     ^^^^^^
   |
   = help: this analyzer bans all control flow — remove the branch (there is no escape hatch)

warning: the `||` operator is a lazy boolean branch; all branching is banned
  --> $DIR/branching.rs:57:5
   |
LL |     a || b
   |     ^^^^^^
   |
   = help: this analyzer bans all control flow — remove the branch (there is no escape hatch)

warning: the `?` operator is a branching construct; all branching is banned
  --> $DIR/branching.rs:61:13
   |
LL |     let v = o?;
   |             ^^
   |
   = help: this analyzer bans all control flow — remove the branch (there is no escape hatch)

warning: 10 warnings emitted

